<?xml version="1.0" encoding="UTF-8"?>
<!-- Generated by org.testng.reporters.JUnitXMLReporter -->
<testsuite ignored="1" hostname="USER" failures="0" tests="4" name="Car Loan" time="0.113" errors="0" timestamp="2023-01-20T11:58:25 IST">
  <testcase classname="test.Day3" name="MobileCarLoan" time="0.021"/>
  <testcase classname="test.Day3" name="WebCarLoan" time="0.007"/>
  <testcase classname="test.Day3" name="WebCarLoan" time="0.002"/>
  <testcase classname="test.Day3" name="WebCarLoan" time="0.002"/>
  <testcase classname="test.Day3" name="APICarLoan" time="0.0">
    <ignored/>
  </testcase> <!-- APICarLoan -->
</testsuite> <!-- Car Loan -->
