<?xml version="1.0" encoding="UTF-8"?>
<!-- Generated by org.testng.reporters.JUnitXMLReporter -->
<testsuite ignored="2" hostname="USER" failures="0" tests="1" name="Home Loan" time="0.098" errors="0" timestamp="2023-01-20T11:58:25 IST">
  <testcase classname="test.Day4" name="MobileHomeLoan" time="0.023"/>
  <testcase classname="test.Day4" name="WebHomeLoan" time="0.0">
    <ignored/>
  </testcase> <!-- WebHomeLoan -->
  <testcase classname="test.Day4" name="APIHomeLoan" time="0.0">
    <ignored/>
  </testcase> <!-- APIHomeLoan -->
</testsuite> <!-- Home Loan -->
