<?xml version="1.0" encoding="UTF-8"?>
<testng-results ignored="3" total="11" passed="8" failed="0" skipped="0">
  <reporter-output>
  </reporter-output>
  <suite started-at="2023-01-20T11:58:24 IST" name="Loan Dept" finished-at="2023-01-20T11:58:24 IST" duration-ms="113">
    <groups>
      <group name="Smoke">
        <method signature="Day1.ploan1()[pri:0, instance:test.Day1@75329a49]" name="ploan1" class="test.Day1"/>
        <method signature="Day2.ploan3()[pri:0, instance:test.Day2@6e0dec4a]" name="ploan3" class="test.Day2"/>
        <method signature="Day4.MobileHomeLoan()[pri:0, instance:test.Day4@4ac3c60d]" name="MobileHomeLoan" class="test.Day4"/>
      </group> <!-- Smoke -->
    </groups>
    <test started-at="2023-01-20T11:58:24 IST" name="Home Loan" finished-at="2023-01-20T11:58:24 IST" duration-ms="98">
      <class name="test.Day4">
        <test-method signature="MobileHomeLoan()[pri:0, instance:test.Day4@4ac3c60d]" started-at="2023-01-20T11:58:24 IST" name="MobileHomeLoan" finished-at="2023-01-20T11:58:24 IST" duration-ms="23" status="PASS">
          <reporter-output>
          </reporter-output>
        </test-method> <!-- MobileHomeLoan -->
      </class> <!-- test.Day4 -->
    </test> <!-- Home Loan -->
    <test started-at="2023-01-20T11:58:24 IST" name="Personal Loan" finished-at="2023-01-20T11:58:24 IST" duration-ms="101">
      <class name="test.Day1">
        <test-method signature="ploan1()[pri:0, instance:test.Day1@75329a49]" started-at="2023-01-20T11:58:24 IST" name="ploan1" finished-at="2023-01-20T11:58:24 IST" duration-ms="23" status="PASS">
          <reporter-output>
          </reporter-output>
        </test-method> <!-- ploan1 -->
      </class> <!-- test.Day1 -->
      <class name="test.Day2">
        <test-method signature="ploan2(java.lang.String)[pri:0, instance:test.Day2@6e0dec4a]" started-at="2023-01-20T11:58:24 IST" name="ploan2" finished-at="2023-01-20T11:58:24 IST" duration-ms="2" status="PASS">
          <params>
            <param index="0">
              <value>
                <![CDATA[qaclickacademy.com]]>
              </value>
            </param>
          </params>
          <reporter-output>
          </reporter-output>
        </test-method> <!-- ploan2 -->
        <test-method signature="ploan3()[pri:0, instance:test.Day2@6e0dec4a]" started-at="2023-01-20T11:58:24 IST" name="ploan3" finished-at="2023-01-20T11:58:24 IST" duration-ms="3" status="PASS">
          <reporter-output>
          </reporter-output>
        </test-method> <!-- ploan3 -->
      </class> <!-- test.Day2 -->
    </test> <!-- Personal Loan -->
    <test started-at="2023-01-20T11:58:24 IST" name="Car Loan" finished-at="2023-01-20T11:58:24 IST" duration-ms="113">
      <class name="test.Day3">
        <test-method signature="MobileCarLoan(java.lang.String)[pri:0, instance:test.Day3@30ee2816]" started-at="2023-01-20T11:58:24 IST" name="MobileCarLoan" finished-at="2023-01-20T11:58:24 IST" duration-ms="21" status="PASS">
          <params>
            <param index="0">
              <value>
                <![CDATA[carloan.com]]>
              </value>
            </param>
          </params>
          <reporter-output>
          </reporter-output>
        </test-method> <!-- MobileCarLoan -->
        <test-method signature="WebCarLoan(java.lang.String,java.lang.String)[pri:0, instance:test.Day3@30ee2816]" started-at="2023-01-20T11:58:24 IST" name="WebCarLoan" data-provider="getData" finished-at="2023-01-20T11:58:24 IST" duration-ms="7" status="PASS">
          <params>
            <param index="0">
              <value>
                <![CDATA[uname 1]]>
              </value>
            </param>
            <param index="1">
              <value>
                <![CDATA[pwd 1]]>
              </value>
            </param>
          </params>
          <reporter-output>
          </reporter-output>
        </test-method> <!-- WebCarLoan -->
        <test-method signature="WebCarLoan(java.lang.String,java.lang.String)[pri:0, instance:test.Day3@30ee2816]" started-at="2023-01-20T11:58:24 IST" name="WebCarLoan" data-provider="getData" finished-at="2023-01-20T11:58:24 IST" duration-ms="2" status="PASS">
          <params>
            <param index="0">
              <value>
                <![CDATA[uname 2]]>
              </value>
            </param>
            <param index="1">
              <value>
                <![CDATA[pwd 2]]>
              </value>
            </param>
          </params>
          <reporter-output>
          </reporter-output>
        </test-method> <!-- WebCarLoan -->
        <test-method signature="WebCarLoan(java.lang.String,java.lang.String)[pri:0, instance:test.Day3@30ee2816]" started-at="2023-01-20T11:58:24 IST" name="WebCarLoan" data-provider="getData" finished-at="2023-01-20T11:58:24 IST" duration-ms="2" status="PASS">
          <params>
            <param index="0">
              <value>
                <![CDATA[uname 3]]>
              </value>
            </param>
            <param index="1">
              <value>
                <![CDATA[pwd 3]]>
              </value>
            </param>
          </params>
          <reporter-output>
          </reporter-output>
        </test-method> <!-- WebCarLoan -->
      </class> <!-- test.Day3 -->
    </test> <!-- Car Loan -->
  </suite> <!-- Loan Dept -->
</testng-results>
